<?xml version="1.0" encoding="utf-8"?><testsuites><testsuite name="pytest" errors="0" failures="1" skipped="0" tests="1" time="184.004" timestamp="2025-02-24T11:02:34.167144+11:00" hostname="gadi-login-08.gadi.nci.org.au"><testcase classname="test-venv.lib.python3.10.site-packages.model_config_tests.test_bit_reproducibility.TestBitReproducibility" name="test_bit_repro_historical" time="183.099"><failure message="AssertionError: Output file for the model does not exist. See the logs for more information on the experiment run&#10;assert False&#10; +  where False = output_exists()&#10; +    where output_exists = &lt;model_config_tests.models.accessom3.AccessOm3 object at 0x7f62bee3ca30&gt;.output_exists&#10; +      where &lt;model_config_tests.models.accessom3.AccessOm3 object at 0x7f62bee3ca30&gt; = &lt;model_config_tests.exp_test_helper.ExpTestHelper object at 0x7f62bee3c490&gt;.model">self = &lt;model_config_tests.test_bit_reproducibility.TestBitReproducibility object at 0x7f62b307ada0&gt;
output_path = PosixPath('/scratch/tm70/repro-ci/experiments/access-om3-configs/255-dev-1deg_jra55do_iaf-auto_masktable_false')
control_path = PosixPath('/scratch/tm70/repro-ci/experiments/access-om3-configs/255-dev-1deg_jra55do_iaf-auto_masktable_false/base-experiment')
checksum_path = None, keep_archive = False

    @pytest.mark.checksum
    def test_bit_repro_historical(
        self,
        output_path: Path,
        control_path: Path,
        checksum_path: Optional[Path],
        keep_archive: Optional[bool],
    ):
        """
        Test that a run reproduces historical checksums
    
        Parameters (these are fixtures defined in conftest.py)
        ----------
        output_path: Path
            Output directory for test output and where the control and
            lab directories are stored for the payu experiments. Default is
            set in conftest.py
        control_path: Path
            Path to the model configuration to test. This is copied for
            for control directories in experiments. Default is set in
            conftests.py
        checksum_path: Optional[Path]
            Path to checksums to compare model output against. Default is
            set to checksums saved on model configuration (set in )
        keep_archive: Optional[bool]
            This flag is used in testing for test code to use a previous test
            archive, and to disable running the model with payu
        """
        # Setup checksum output directory
        checksum_output_dir = set_checksum_output_dir(output_path=output_path)
    
        # Setup experiment
        exp = setup_exp(
            control_path, output_path, "test_bit_repro_historical", keep_archive
        )
    
        # Set model runtime using the configured default
        exp.model.set_model_runtime()
    
        # Run the experiment using payu
        status, stdout, stderr, output_files = exp.setup_and_run()
    
        if status != 0 or not exp.model.output_exists():
            # Log the run information
            exp.print_run_logs(status, stdout, stderr, output_files)
    
        assert status == 0, (
            "There was an error running the experiment. "
            "See the logs for more infomation on the experiment run"
        )
    
&gt;       assert exp.model.output_exists(), (
            "Output file for the model does not exist. "
            "See the logs for more information on the experiment run"
        )
E       AssertionError: Output file for the model does not exist. See the logs for more information on the experiment run
E       assert False
E        +  where False = output_exists()
E        +    where output_exists = &lt;model_config_tests.models.accessom3.AccessOm3 object at 0x7f62bee3ca30&gt;.output_exists
E        +      where &lt;model_config_tests.models.accessom3.AccessOm3 object at 0x7f62bee3ca30&gt; = &lt;model_config_tests.exp_test_helper.ExpTestHelper object at 0x7f62bee3c490&gt;.model

../test-venv/lib/python3.10/site-packages/model_config_tests/test_bit_reproducibility.py:101: AssertionError</failure></testcase></testsuite></testsuites>