<?xml version="1.0" encoding="utf-8"?><testsuites name="pytest tests"><testsuite name="pytest" errors="1" failures="0" skipped="0" tests="1" time="4.899" timestamp="2026-07-14T13:55:07.653920+10:00" hostname="gadi-login-03.gadi.nci.org.au"><testcase classname="test-venv.lib.python3.10.site-packages.model_config_tests.config_tests.test_bit_reproducibility.TestBitReproducibility" name="test_repro_historical" time="2.647"><error message="failed on setup with &quot;RuntimeError: Failed to run payu setup:&#10;Return code: 1&#10;--- stdout ---&#10;laboratory path:  /scratch/tm70/repro-ci/experiments/access-om3-configs/generate-checksums/release-MC_25km_jra_iaf+wombatlite/b3cbe2fe0180b77cdaa33a99868c706250a7439e/lab&#10;binary path:  /scratch/tm70/repro-ci/experiments/access-om3-configs/generate-checksums/release-MC_25km_jra_iaf+wombatlite/b3cbe2fe0180b77cdaa33a99868c706250a7439e/lab/bin&#10;input path:  /scratch/tm70/repro-ci/experiments/access-om3-configs/generate-checksums/release-MC_25km_jra_iaf+wombatlite/b3cbe2fe0180b77cdaa33a99868c706250a7439e/lab/input&#10;work path:  /scratch/tm70/repro-ci/experiments/access-om3-configs/generate-checksums/release-MC_25km_jra_iaf+wombatlite/b3cbe2fe0180b77cdaa33a99868c706250a7439e/lab/work&#10;archive path:  /scratch/tm70/repro-ci/experiments/access-om3-configs/generate-checksums/release-MC_25km_jra_iaf+wombatlite/b3cbe2fe0180b77cdaa33a99868c706250a7439e/lab/archive&#10;Experiment name is configured in config.yaml:  exp_default_runtime&#10;&#10;--- stderr ---&#10;Traceback (most recent call last):&#10;  File &quot;/opt/conda/payu-1.2.0/bin/payu&quot;, line 10, in &lt;module&gt;&#10;    sys.exit(parse())&#10;  File &quot;/g/data/vk83/apps/base_conda/envs/payu-1.2.0/lib/python3.10/site-packages/payu/cli.py&quot;, line 49, in parse&#10;    run_cmd(**args)&#10;  File &quot;/g/data/vk83/apps/base_conda/envs/payu-1.2.0/lib/python3.10/site-packages/payu/subcommands/setup_cmd.py&quot;, line 28, in runcmd&#10;    expt.setup(force_archive=force_archive)&#10;  File &quot;/g/data/vk83/apps/base_conda/envs/payu-1.2.0/lib/python3.10/site-packages/payu/experiment.py&quot;, line 63, in wrapper&#10;    result = func(self, *args, **kwargs)&#10;  File &quot;/g/data/vk83/apps/base_conda/envs/payu-1.2.0/lib/python3.10/site-packages/payu/experiment.py&quot;, line 473, in setup&#10;    self.check_payu_version()&#10;  File &quot;/g/data/vk83/apps/base_conda/envs/payu-1.2.0/lib/python3.10/site-packages/payu/experiment.py&quot;, line 464, in check_payu_version&#10;    raise RuntimeError(&#10;RuntimeError: Payu version 1.2.0 does not meet the configured minimum version. A version &gt;= 1.3.2 is required to run this configuration.&quot;">request = &lt;SubRequest 'experiments' for &lt;Function test_repro_historical&gt;&gt;
output_path = PosixPath('/scratch/tm70/repro-ci/experiments/access-om3-configs/generate-checksums/release-MC_25km_jra_iaf+wombatlite/b3cbe2fe0180b77cdaa33a99868c706250a7439e')
control_path = PosixPath('/scratch/tm70/repro-ci/experiments/access-om3-configs/generate-checksums/release-MC_25km_jra_iaf+wombatlite/b3cbe2fe0180b77cdaa33a99868c706250a7439e/base-experiment')
keep_archive = False

    @pytest.fixture(scope="class")
    def experiments(
        request, output_path: Path, control_path: Path, keep_archive: Optional[bool]
    ):
        """
        Parse the experiments markers from the requested tests and
        submit all necessary experiments at the same time.
    
        The scope is class so the experiments are only run once before all repro
        tests.
        """
    
        # Parse the experiments markers from the requested tests
        experiments_markers = []
        for item in request.session.items:
            if item.parent == request.node:
                marker = item.get_closest_marker("experiments")
                if marker:
                    experiments_markers.append(marker.args[0])
    
&gt;       return _experiments(experiments_markers, output_path, control_path, keep_archive)

../test-venv/lib/python3.10/site-packages/model_config_tests/config_tests/test_bit_reproducibility.py:147: 
_ _ _ _ _ _ _ _ _ _ _ _ _ _ _ _ _ _ _ _ _ _ _ _ _ _ _ _ _ _ _ _ _ _ _ _ _ _ _ _ 
../test-venv/lib/python3.10/site-packages/model_config_tests/config_tests/test_bit_reproducibility.py:113: in _experiments
    experiments.setup_and_submit(
../test-venv/lib/python3.10/site-packages/model_config_tests/exp_test_helper.py:366: in setup_and_submit
    exp.submit_payu_run(n_runs=n_runs)
_ _ _ _ _ _ _ _ _ _ _ _ _ _ _ _ _ _ _ _ _ _ _ _ _ _ _ _ _ _ _ _ _ _ _ _ _ _ _ _ 

self = &lt;model_config_tests.exp_test_helper.ExpTestHelper object at 0x7f073eb8f580&gt;
n_runs = 1

    def submit_payu_run(self, n_runs: int = None) -&gt; str:
        """
        Submit a payu run job.
    
        Parameters
        ----------
        n_runs: int
            The number of runs to submit with --nruns.
    
        Returns
        ----------
        str
            The job ID of the submitted payu run job
        """
        if self.disable_payu_run:
            return
    
        owd = Path.cwd()
        try:
            # Change to experiment directory and run.
            os.chdir(self.control_path)
    
            print("Running payu setup")
            result = sp.run(
                ["payu", "setup", "--lab", str(self.lab_path)],
                capture_output=True,
                text=True,
            )
            if result.returncode != 0:
                # Add additional error messaging for debugging
                error_msg = (
                    "Failed to run payu setup:\n"
                    f"Return code: {result.returncode}\n"
                    f"--- stdout ---\n{result.stdout}\n"
                    f"--- stderr ---\n{result.stderr}"
                )
                print(error_msg)
&gt;               raise RuntimeError(error_msg)
E               RuntimeError: Failed to run payu setup:
E               Return code: 1
E               --- stdout ---
E               laboratory path:  /scratch/tm70/repro-ci/experiments/access-om3-configs/generate-checksums/release-MC_25km_jra_iaf+wombatlite/b3cbe2fe0180b77cdaa33a99868c706250a7439e/lab
E               binary path:  /scratch/tm70/repro-ci/experiments/access-om3-configs/generate-checksums/release-MC_25km_jra_iaf+wombatlite/b3cbe2fe0180b77cdaa33a99868c706250a7439e/lab/bin
E               input path:  /scratch/tm70/repro-ci/experiments/access-om3-configs/generate-checksums/release-MC_25km_jra_iaf+wombatlite/b3cbe2fe0180b77cdaa33a99868c706250a7439e/lab/input
E               work path:  /scratch/tm70/repro-ci/experiments/access-om3-configs/generate-checksums/release-MC_25km_jra_iaf+wombatlite/b3cbe2fe0180b77cdaa33a99868c706250a7439e/lab/work
E               archive path:  /scratch/tm70/repro-ci/experiments/access-om3-configs/generate-checksums/release-MC_25km_jra_iaf+wombatlite/b3cbe2fe0180b77cdaa33a99868c706250a7439e/lab/archive
E               Experiment name is configured in config.yaml:  exp_default_runtime
E               
E               --- stderr ---
E               Traceback (most recent call last):
E                 File "/opt/conda/payu-1.2.0/bin/payu", line 10, in &lt;module&gt;
E                   sys.exit(parse())
E                 File "/g/data/vk83/apps/base_conda/envs/payu-1.2.0/lib/python3.10/site-packages/payu/cli.py", line 49, in parse
E                   run_cmd(**args)
E                 File "/g/data/vk83/apps/base_conda/envs/payu-1.2.0/lib/python3.10/site-packages/payu/subcommands/setup_cmd.py", line 28, in runcmd
E                   expt.setup(force_archive=force_archive)
E                 File "/g/data/vk83/apps/base_conda/envs/payu-1.2.0/lib/python3.10/site-packages/payu/experiment.py", line 63, in wrapper
E                   result = func(self, *args, **kwargs)
E                 File "/g/data/vk83/apps/base_conda/envs/payu-1.2.0/lib/python3.10/site-packages/payu/experiment.py", line 473, in setup
E                   self.check_payu_version()
E                 File "/g/data/vk83/apps/base_conda/envs/payu-1.2.0/lib/python3.10/site-packages/payu/experiment.py", line 464, in check_payu_version
E                   raise RuntimeError(
E               RuntimeError: Payu version 1.2.0 does not meet the configured minimum version. A version &gt;= 1.3.2 is required to run this configuration.

../test-venv/lib/python3.10/site-packages/model_config_tests/exp_test_helper.py:241: RuntimeError</error></testcase></testsuite></testsuites>