<?xml version="1.0" encoding="utf-8"?><testsuites><testsuite name="pytest" errors="0" failures="1" skipped="0" tests="1" time="427.756" timestamp="2025-02-27T10:46:56.562442+11:00" hostname="gadi-login-09.gadi.nci.org.au"><testcase classname="test-venv.lib.python3.10.site-packages.model_config_tests.test_bit_reproducibility.TestBitReproducibility" name="test_bit_repro_historical" time="427.072"><failure message="AssertionError: Checksums were not equal. The new checksums have been written to /scratch/tm70/repro-ci/experiments/access-om3-configs/dev-025deg_jra55do_ryf/checksum/historical-3hr-checksum.json.&#10;assert {'output': {'...ion': '1-0-0'} == {'output': {'...ion': '1-0-0'}&#10;  &#10;  Omitting 1 identical items, use -vv to show&#10;  Differing items:&#10;  {'output': {'CFL': ['0.00000', '0.19694'], 'En': ['6.3048230599477494E-22', '4.7656791183785772E-04'], 'M': ['1.36283E+21', '1.36283E+21'], 'Me': ['0.00E+00', '-1.71E-10'], ...}} != {'output': {'CAu': ['A4FE6700E78CF3A4'], 'CAv': ['BFA2EEC3B6A95ED4'], 'DTBT': ['4034AA97033F7BA1'], 'First_direction': ['0'], ...}}&#10;  Use -v to get more diff">self = &lt;model_config_tests.test_bit_reproducibility.TestBitReproducibility object at 0x7f9a888a3a90&gt;
output_path = PosixPath('/scratch/tm70/repro-ci/experiments/access-om3-configs/dev-025deg_jra55do_ryf')
control_path = PosixPath('/scratch/tm70/repro-ci/experiments/access-om3-configs/dev-025deg_jra55do_ryf/base-experiment')
checksum_path = None, keep_archive = False

    @pytest.mark.checksum
    def test_bit_repro_historical(
        self,
        output_path: Path,
        control_path: Path,
        checksum_path: Optional[Path],
        keep_archive: Optional[bool],
    ):
        """
        Test that a run reproduces historical checksums
    
        Parameters (these are fixtures defined in conftest.py)
        ----------
        output_path: Path
            Output directory for test output and where the control and
            lab directories are stored for the payu experiments. Default is
            set in conftest.py
        control_path: Path
            Path to the model configuration to test. This is copied for
            for control directories in experiments. Default is set in
            conftests.py
        checksum_path: Optional[Path]
            Path to checksums to compare model output against. Default is
            set to checksums saved on model configuration (set in )
        keep_archive: Optional[bool]
            This flag is used in testing for test code to use a previous test
            archive, and to disable running the model with payu
        """
        # Setup checksum output directory
        checksum_output_dir = set_checksum_output_dir(output_path=output_path)
    
        # Setup experiment
        exp = setup_exp(
            control_path, output_path, "test_bit_repro_historical", keep_archive
        )
    
        # Set model runtime using the configured default
        exp.model.set_model_runtime()
    
        # Run the experiment using payu
        status, stdout, stderr, output_files = exp.setup_and_run()
    
        if status != 0 or not exp.model.output_exists():
            # Log the run information
            exp.print_run_logs(status, stdout, stderr, output_files)
    
        assert status == 0, (
            "There was an error running the experiment. "
            "See the logs for more infomation on the experiment run"
        )
    
        assert exp.model.output_exists(), (
            "Output file for the model does not exist. "
            "See the logs for more information on the experiment run"
        )
    
        # Set the checksum output filename using the model default runtime
        runtime_hours = exp.model.default_runtime_seconds // HOUR_IN_SECONDS
        checksum_filename = f"historical-{runtime_hours}hr-checksum.json"
    
        # Read the historical checksum file
        hist_checksums = read_historical_checksums(
            control_path, checksum_filename, checksum_path
        )
    
        # Use historical file checksums schema version for parsing checksum,
        # otherwise use the model default, if file does not exist
        schema_version = (
            hist_checksums["schema_version"]
            if hist_checksums
            else exp.model.default_schema_version
        )
    
        # Extract checksums
        checksums = exp.extract_checksums(schema_version=schema_version)
    
        # Write out checksums to output file
        checksum_output_file = checksum_output_dir / checksum_filename
        with open(checksum_output_file, "w") as file:
            json.dump(checksums, file, indent=2)
    
&gt;       assert (
            hist_checksums == checksums
        ), f"Checksums were not equal. The new checksums have been written to {checksum_output_file}."
E       AssertionError: Checksums were not equal. The new checksums have been written to /scratch/tm70/repro-ci/experiments/access-om3-configs/dev-025deg_jra55do_ryf/checksum/historical-3hr-checksum.json.
E       assert {'output': {'...ion': '1-0-0'} == {'output': {'...ion': '1-0-0'}
E         
E         Omitting 1 identical items, use -vv to show
E         Differing items:
E         {'output': {'CFL': ['0.00000', '0.19694'], 'En': ['6.3048230599477494E-22', '4.7656791183785772E-04'], 'M': ['1.36283E+21', '1.36283E+21'], 'Me': ['0.00E+00', '-1.71E-10'], ...}} != {'output': {'CAu': ['A4FE6700E78CF3A4'], 'CAv': ['BFA2EEC3B6A95ED4'], 'DTBT': ['4034AA97033F7BA1'], 'First_direction': ['0'], ...}}
E         Use -v to get more diff

../test-venv/lib/python3.10/site-packages/model_config_tests/test_bit_reproducibility.py:131: AssertionError</failure></testcase></testsuite></testsuites>